<?xml version="1.0" encoding="UTF-8"?>
<testng-results skipped="0" failed="1" ignored="0" total="1" passed="0">
  <reporter-output>
  </reporter-output>
  <suite name="Default suite" duration-ms="6385" started-at="2022-06-15T00:43:45Z" finished-at="2022-06-15T00:43:51Z">
    <groups>
    </groups>
    <test name="Default test" duration-ms="6385" started-at="2022-06-15T00:43:45Z" finished-at="2022-06-15T00:43:51Z">
      <class name="testscripts_pom.RegisterTC">
        <test-method status="PASS" signature="openchrome(java.lang.String)[pri:0, instance:testscripts_pom.RegisterTC@1593948d]" name="openchrome" is-config="true" duration-ms="4502" started-at="2022-06-15T06:13:45Z" finished-at="2022-06-15T06:13:49Z">
          <params>
            <param index="0">
              <value>
                <![CDATA[chrome]]>
              </value>
            </param>
          </params>
          <reporter-output>
          </reporter-output>
        </test-method> <!-- openchrome -->
        <test-method status="FAIL" signature="TC_02(java.lang.String, java.lang.String, java.lang.String, java.lang.String)[pri:0, instance:testscripts_pom.RegisterTC@1593948d]" name="TC_02" duration-ms="1634" started-at="2022-06-15T06:13:49Z" data-provider="testData" finished-at="2022-06-15T06:13:51Z">
          <exception class="org.testng.internal.reflect.MethodMatcherException">
            <message>
              <![CDATA[
Data provider mismatch
Method: TC_02([Parameter{index=0, type=java.lang.String, declaredAnnotations=[]}, Parameter{index=1, type=java.lang.String, declaredAnnotations=[]}, Parameter{index=2, type=java.lang.String, declaredAnnotations=[]}, Parameter{index=3, type=java.lang.String, declaredAnnotations=[]}])
Arguments: [(java.lang.String)M,(java.lang.String)narayana,(java.lang.String)gowda,(java.lang.String)huhduxhjt@gmail.com,(java.lang.String)Manoj@2580,(java.lang.String)Manoj@2580]]]>
            </message>
            <full-stacktrace>
              <![CDATA[org.testng.internal.reflect.MethodMatcherException: 
Data provider mismatch
Method: TC_02([Parameter{index=0, type=java.lang.String, declaredAnnotations=[]}, Parameter{index=1, type=java.lang.String, declaredAnnotations=[]}, Parameter{index=2, type=java.lang.String, declaredAnnotations=[]}, Parameter{index=3, type=java.lang.String, declaredAnnotations=[]}])
Arguments: [(java.lang.String)M,(java.lang.String)narayana,(java.lang.String)gowda,(java.lang.String)huhduxhjt@gmail.com,(java.lang.String)Manoj@2580,(java.lang.String)Manoj@2580]
	at org.testng.internal.reflect.DataProviderMethodMatcher.getConformingArguments(DataProviderMethodMatcher.java:49)
	at org.testng.internal.Invoker.injectParameters(Invoker.java:1293)
	at org.testng.internal.Invoker.invokeTestMethods(Invoker.java:1187)
	at org.testng.internal.TestMethodWorker.invokeTestMethods(TestMethodWorker.java:126)
	at org.testng.internal.TestMethodWorker.run(TestMethodWorker.java:109)
	at org.testng.TestRunner.privateRun(TestRunner.java:744)
	at org.testng.TestRunner.run(TestRunner.java:602)
	at org.testng.SuiteRunner.runTest(SuiteRunner.java:380)
	at org.testng.SuiteRunner.runSequentially(SuiteRunner.java:375)
	at org.testng.SuiteRunner.privateRun(SuiteRunner.java:340)
	at org.testng.SuiteRunner.run(SuiteRunner.java:289)
	at org.testng.SuiteRunnerWorker.runSuite(SuiteRunnerWorker.java:52)
	at org.testng.SuiteRunnerWorker.run(SuiteRunnerWorker.java:86)
	at org.testng.TestNG.runSuitesSequentially(TestNG.java:1301)
	at org.testng.TestNG.runSuitesLocally(TestNG.java:1226)
	at org.testng.TestNG.runSuites(TestNG.java:1144)
	at org.testng.TestNG.run(TestNG.java:1115)
	at org.testng.remote.AbstractRemoteTestNG.run(AbstractRemoteTestNG.java:132)
	at org.testng.remote.RemoteTestNG.initAndRun(RemoteTestNG.java:230)
	at org.testng.remote.RemoteTestNG.main(RemoteTestNG.java:76)
]]>
            </full-stacktrace>
          </exception> <!-- org.testng.internal.reflect.MethodMatcherException -->
          <reporter-output>
          </reporter-output>
        </test-method> <!-- TC_02 -->
        <test-method status="PASS" signature="closebrowser()[pri:0, instance:testscripts_pom.RegisterTC@1593948d]" name="closebrowser" is-config="true" duration-ms="211" started-at="2022-06-15T06:13:51Z" finished-at="2022-06-15T06:13:51Z">
          <reporter-output>
          </reporter-output>
        </test-method> <!-- closebrowser -->
      </class> <!-- testscripts_pom.RegisterTC -->
    </test> <!-- Default test -->
  </suite> <!-- Default suite -->
</testng-results>
